<?xml version="1.0" encoding="UTF-8"?>
<!-- Generated by org.testng.reporters.JUnitReportReporter -->
<testsuite hostname="LAPTOP-L8KVEG1P" failures="0" tests="1" name="com.learnautomation.testcases.LoginTestCRM" time="11.697" errors="0" timestamp="2021-07-13T18:26:40 EDT" skipped="0">
  <testcase classname="com.learnautomation.testcases.LoginTestCRM" name="loginApp" time="11.697"/>
  <system-out/>
</testsuite> <!-- com.learnautomation.testcases.LoginTestCRM -->
